<?xml version="1.0" encoding="UTF-8"?>
<robot generator="Robot 7.1 (Python 3.10.12 on linux)" generated="2024-09-24T11:08:29.868204" rpa="false" schemaversion="5">
<suite id="s1" name="Job Publish" source="/home/arefin/Desktop/git/RobotFrameWorkAutomation/WebAutomationRobotFramework/pythonProject1/TestCases/Job_Publish.robot">
<test id="s1-t1" name="Login" line="16">
<kw name="Open my browser" owner="Login_Keywords">
<kw name="Open Browser" owner="SeleniumLibrary">
<msg time="2024-09-24T11:08:30.199909" level="INFO">Opening browser 'Chrome' to base url 'https://test.jobs.hi-bd.org/admin/login'.</msg>
<arg>${SiteUrl}</arg>
<arg>${Browser}</arg>
<doc>Opens a new browser instance to the optional ``url``.</doc>
<status status="PASS" start="2024-09-24T11:08:30.199399" elapsed="8.298281"/>
</kw>
<kw name="Maximize Browser Window" owner="SeleniumLibrary">
<doc>Maximizes current browser window.</doc>
<status status="PASS" start="2024-09-24T11:08:38.498174" elapsed="0.015842"/>
</kw>
<arg>${SiteUrl}</arg>
<arg>${Browser}</arg>
<status status="PASS" start="2024-09-24T11:08:30.197374" elapsed="8.316946"/>
</kw>
<kw name="Enter Username" owner="Login_Keywords">
<kw name="Input Text" owner="SeleniumLibrary">
<msg time="2024-09-24T11:08:38.516779" level="INFO">Typing text 'admin' into text field 'name:username'.</msg>
<arg>${txt_loginUserName}</arg>
<arg>${username}</arg>
<doc>Types the given ``text`` into the text field identified by ``locator``.</doc>
<status status="PASS" start="2024-09-24T11:08:38.515849" elapsed="0.480378"/>
</kw>
<arg>${username}</arg>
<status status="PASS" start="2024-09-24T11:08:38.514881" elapsed="0.482034"/>
</kw>
<kw name="Enter Password" owner="Login_Keywords">
<kw name="Input Password" owner="SeleniumLibrary">
<msg time="2024-09-24T11:08:39.002251" level="INFO">Typing password into text field 'name:password'.</msg>
<msg time="2024-09-24T11:08:39.076572" level="INFO">Temporally setting log level to: NONE</msg>
<arg>${txt_loginPassword}</arg>
<arg>${password}</arg>
<doc>Types the given password into the text field identified by ``locator``.</doc>
<status status="PASS" start="2024-09-24T11:08:39.000938" elapsed="0.155487"/>
</kw>
<arg>${password}</arg>
<status status="PASS" start="2024-09-24T11:08:38.997921" elapsed="0.159551"/>
</kw>
<kw name="Click Sign in" owner="Login_Keywords">
<kw name="Click Button" owner="SeleniumLibrary">
<msg time="2024-09-24T11:08:39.162544" level="INFO">Clicking button 'xpath://button[@type='submit']'.</msg>
<arg>${btn_signIn}</arg>
<doc>Clicks the button identified by ``locator``.</doc>
<status status="PASS" start="2024-09-24T11:08:39.162005" elapsed="1.972101"/>
</kw>
<status status="PASS" start="2024-09-24T11:08:39.159772" elapsed="1.975576"/>
</kw>
<kw name="Sleep" owner="BuiltIn">
<msg time="2024-09-24T11:08:44.137074" level="INFO">Slept 3 seconds.</msg>
<arg>3seconds</arg>
<doc>Pauses the test executed for the given time.</doc>
<status status="PASS" start="2024-09-24T11:08:41.136013" elapsed="3.001503"/>
</kw>
<kw name="Verify Successful Login" owner="Login_Keywords">
<kw name="Title Should Be" owner="SeleniumLibrary">
<msg time="2024-09-24T11:08:44.148390" level="INFO">Page title is 'Admin - HI HR System'.</msg>
<arg>Admin - HI HR System</arg>
<doc>Verifies that the current page title equals ``title``.</doc>
<status status="PASS" start="2024-09-24T11:08:44.140052" elapsed="0.008555"/>
</kw>
<status status="PASS" start="2024-09-24T11:08:44.139028" elapsed="0.009827"/>
</kw>
<status status="PASS" start="2024-09-24T11:08:30.195358" elapsed="13.954070"/>
</test>
<test id="s1-t2" name="Recruitment Request" line="25">
<kw name="Click Recruitment Request" owner="Recruitment_Request_Keywords">
<kw name="Click Element" owner="SeleniumLibrary">
<msg time="2024-09-24T11:08:44.153744" level="INFO">Clicking element 'xpath://a[normalize-space()='Recruitment Request']'.</msg>
<arg>${r_request}</arg>
<doc>Click the element identified by ``locator``.</doc>
<status status="PASS" start="2024-09-24T11:08:44.153022" elapsed="0.098380"/>
</kw>
<status status="PASS" start="2024-09-24T11:08:44.151862" elapsed="0.099939"/>
</kw>
<kw name="Click Hiring Manager" owner="Recruitment_Request_Keywords">
<kw name="Click Element" owner="SeleniumLibrary">
<msg time="2024-09-24T11:08:44.256724" level="INFO">Clicking element 'xpath://a[normalize-space()='Hiring Manager']'.</msg>
<arg>${hiring_manager}</arg>
<doc>Click the element identified by ``locator``.</doc>
<status status="PASS" start="2024-09-24T11:08:44.254902" elapsed="1.086035"/>
</kw>
<status status="PASS" start="2024-09-24T11:08:44.252656" elapsed="1.088580"/>
</kw>
<kw name="Sleep" owner="BuiltIn">
<msg time="2024-09-24T11:08:48.343382" level="INFO">Slept 3 seconds.</msg>
<arg>3seconds</arg>
<doc>Pauses the test executed for the given time.</doc>
<status status="PASS" start="2024-09-24T11:08:45.342760" elapsed="3.000816"/>
</kw>
<kw name="Click Add New" owner="Recruitment_Request_Keywords">
<kw name="Click Element" owner="SeleniumLibrary">
<msg time="2024-09-24T11:08:48.344969" level="INFO">Clicking element 'link:Add New'.</msg>
<arg>${add_new}</arg>
<doc>Click the element identified by ``locator``.</doc>
<status status="PASS" start="2024-09-24T11:08:48.344667" elapsed="1.841073"/>
</kw>
<status status="PASS" start="2024-09-24T11:08:48.344135" elapsed="1.842192"/>
</kw>
<kw name="Project/Department" owner="Recruitment_Request_Keywords">
<kw name="Select From List By Label" owner="SeleniumLibrary">
<msg time="2024-09-24T11:08:50.189043" level="INFO">Selecting options from selection list 'id:department' by label MEAL.</msg>
<arg>${project}</arg>
<arg>${arg_project}</arg>
<doc>Selects options from selection list ``locator`` by ``labels``.</doc>
<status status="PASS" start="2024-09-24T11:08:50.188124" elapsed="0.212397"/>
</kw>
<arg>MEAL</arg>
<status status="PASS" start="2024-09-24T11:08:50.187042" elapsed="0.213698"/>
</kw>
<kw name="Name of Head of Department" owner="Recruitment_Request_Keywords">
<kw name="Input Text" owner="SeleniumLibrary">
<msg time="2024-09-24T11:08:50.403983" level="INFO">Typing text 'Abdullah' into text field 'id:name_of_department'.</msg>
<arg>${name_of_HD}</arg>
<arg>${arg_name_of_HD}</arg>
<doc>Types the given ``text`` into the text field identified by ``locator``.</doc>
<status status="PASS" start="2024-09-24T11:08:50.402457" elapsed="0.291390"/>
</kw>
<arg>Abdullah</arg>
<status status="PASS" start="2024-09-24T11:08:50.401285" elapsed="0.292898"/>
</kw>
<kw name="Position Title" owner="Recruitment_Request_Keywords">
<kw name="Input Text" owner="SeleniumLibrary">
<msg time="2024-09-24T11:08:50.698399" level="INFO">Typing text 'Project Co-Ordinator' into text field 'id:position_title'.</msg>
<arg>${position_title}</arg>
<arg>${arg_position_title}</arg>
<doc>Types the given ``text`` into the text field identified by ``locator``.</doc>
<status status="PASS" start="2024-09-24T11:08:50.696279" elapsed="0.280465"/>
</kw>
<arg>Project Co-Ordinator</arg>
<status status="PASS" start="2024-09-24T11:08:50.694655" elapsed="0.282390"/>
</kw>
<kw name="Job Description" owner="Recruitment_Request_Keywords">
<kw name="Select From List By Label" owner="SeleniumLibrary">
<msg time="2024-09-24T11:08:50.980643" level="INFO">Selecting options from selection list 'name:job_description' by label Supply Chain Officer.</msg>
<arg>${job_des}</arg>
<arg>${arg_job_des}</arg>
<doc>Selects options from selection list ``locator`` by ``labels``.</doc>
<status status="PASS" start="2024-09-24T11:08:50.979826" elapsed="0.222894"/>
</kw>
<arg>Supply Chain Officer</arg>
<status status="PASS" start="2024-09-24T11:08:50.978009" elapsed="0.225249"/>
</kw>
<kw name="Number of Positions" owner="Recruitment_Request_Keywords">
<kw name="Input Text" owner="SeleniumLibrary">
<msg time="2024-09-24T11:08:51.207218" level="INFO">Typing text '01' into text field 'id:number_of_position'.</msg>
<arg>${number_pos}</arg>
<arg>${arg_number_pos}</arg>
<doc>Types the given ``text`` into the text field identified by ``locator``.</doc>
<status status="PASS" start="2024-09-24T11:08:51.205409" elapsed="0.275114"/>
</kw>
<arg>01</arg>
<status status="PASS" start="2024-09-24T11:08:51.204259" elapsed="0.276627"/>
</kw>
<kw name="Employee at present in this company" owner="Recruitment_Request_Keywords">
<kw name="Select From List By Value" owner="SeleniumLibrary">
<msg time="2024-09-24T11:08:51.483585" level="INFO">Selecting options from selection list 'name:employee_at_present' by value No.</msg>
<arg>${present_employee}</arg>
<arg>${arg_present_employee}</arg>
<doc>Selects options from selection list ``locator`` by ``values``.</doc>
<status status="PASS" start="2024-09-24T11:08:51.483054" elapsed="0.211504"/>
</kw>
<arg>No</arg>
<status status="PASS" start="2024-09-24T11:08:51.481879" elapsed="0.213544"/>
</kw>
<kw name="Location" owner="Recruitment_Request_Keywords">
<kw name="Input Text" owner="SeleniumLibrary">
<msg time="2024-09-24T11:08:51.698974" level="INFO">Typing text 'Dhaka' into text field 'id:location'.</msg>
<arg>${location}</arg>
<arg>${arg_location}</arg>
<doc>Types the given ``text`` into the text field identified by ``locator``.</doc>
<status status="PASS" start="2024-09-24T11:08:51.697909" elapsed="0.250860"/>
</kw>
<arg>Dhaka</arg>
<status status="PASS" start="2024-09-24T11:08:51.696364" elapsed="0.253155"/>
</kw>
<kw name="Type of Appointment" owner="Recruitment_Request_Keywords">
<kw name="Select From List By Value" owner="SeleniumLibrary">
<msg time="2024-09-24T11:08:51.961638" level="INFO">Selecting options from selection list 'id:appointment_type' by value Permanent.</msg>
<arg>${appointment_type}</arg>
<arg>${arg_appointment_type}</arg>
<doc>Selects options from selection list ``locator`` by ``values``.</doc>
<status status="PASS" start="2024-09-24T11:08:51.956999" elapsed="0.212522"/>
</kw>
<arg>Permanent</arg>
<status status="PASS" start="2024-09-24T11:08:51.952980" elapsed="0.216986"/>
</kw>
<kw name="Job Starting date" owner="Recruitment_Request_Keywords">
<kw name="Input Text" owner="SeleniumLibrary">
<msg time="2024-09-24T11:08:52.177020" level="INFO">Typing text '20-08-2024' into text field 'id:job_starting_date'.</msg>
<arg>${job_starting_date}</arg>
<arg>${arg_job_starting_date}</arg>
<doc>Types the given ``text`` into the text field identified by ``locator``.</doc>
<status status="PASS" start="2024-09-24T11:08:52.175874" elapsed="0.360997"/>
</kw>
<arg>20-08-2024</arg>
<status status="PASS" start="2024-09-24T11:08:52.173581" elapsed="0.363465"/>
</kw>
<kw name="Job Ending date" owner="Recruitment_Request_Keywords">
<kw name="Input Text" owner="SeleniumLibrary">
<msg time="2024-09-24T11:08:52.540184" level="INFO">Typing text '31-12-2025' into text field 'id:job_ending_date'.</msg>
<arg>${job_ending_date}</arg>
<arg>${arg_job_ending_date}</arg>
<doc>Types the given ``text`` into the text field identified by ``locator``.</doc>
<status status="PASS" start="2024-09-24T11:08:52.539228" elapsed="0.291430"/>
</kw>
<arg>31-12-2025</arg>
<status status="PASS" start="2024-09-24T11:08:52.537649" elapsed="0.293385"/>
</kw>
<kw name="Vacancy caused due to" owner="Recruitment_Request_Keywords">
<kw name="Input Text" owner="SeleniumLibrary">
<msg time="2024-09-24T11:08:52.833233" level="INFO">Typing text 'Resignation' into text field 'id:vacancy_caused_due_to'.</msg>
<arg>${vacancy_caused}</arg>
<arg>${arg_vacancy_caused}</arg>
<doc>Types the given ``text`` into the text field identified by ``locator``.</doc>
<status status="PASS" start="2024-09-24T11:08:52.832532" elapsed="0.238129"/>
</kw>
<arg>Resignation</arg>
<status status="PASS" start="2024-09-24T11:08:52.831671" elapsed="0.239635"/>
</kw>
<kw name="Range of Salary From" owner="Recruitment_Request_Keywords">
<kw name="Input Text" owner="SeleniumLibrary">
<msg time="2024-09-24T11:08:53.074460" level="INFO">Typing text '25000' into text field 'id:salary_range_from'.</msg>
<arg>${salary_range_from}</arg>
<arg>${arg_salary_range_from}</arg>
<doc>Types the given ``text`` into the text field identified by ``locator``.</doc>
<status status="PASS" start="2024-09-24T11:08:53.073427" elapsed="0.239421"/>
</kw>
<arg>25000</arg>
<status status="PASS" start="2024-09-24T11:08:53.072038" elapsed="0.241214"/>
</kw>
<kw name="Type of Recruitment" owner="Recruitment_Request_Keywords">
<kw name="Select From List By Label" owner="SeleniumLibrary">
<msg time="2024-09-24T11:08:53.316227" level="INFO">Selecting options from selection list 'name:recruitment_type' by label External Recruitment.</msg>
<arg>${recruitment_type}</arg>
<arg>${arg_recruitment_type}</arg>
<doc>Selects options from selection list ``locator`` by ``labels``.</doc>
<status status="PASS" start="2024-09-24T11:08:53.315315" elapsed="0.211324"/>
</kw>
<arg>External Recruitment</arg>
<status status="PASS" start="2024-09-24T11:08:53.314032" elapsed="0.212858"/>
</kw>
<kw name="HOD (Assign To)" owner="Recruitment_Request_Keywords">
<kw name="Select From List By Value" owner="SeleniumLibrary">
<msg time="2024-09-24T11:08:53.531492" level="INFO">Selecting options from selection list 'name:hodam_id' by value 1.</msg>
<arg>${hod}</arg>
<arg>${arg_hod}</arg>
<doc>Selects options from selection list ``locator`` by ``values``.</doc>
<status status="PASS" start="2024-09-24T11:08:53.529072" elapsed="0.227746"/>
</kw>
<arg>1</arg>
<status status="PASS" start="2024-09-24T11:08:53.527437" elapsed="0.229760"/>
</kw>
<kw name="Range of Salary To" owner="Recruitment_Request_Keywords">
<kw name="Input Text" owner="SeleniumLibrary">
<msg time="2024-09-24T11:08:53.761989" level="INFO">Typing text '35000' into text field 'id:salary_range_to'.</msg>
<arg>${salary_range_to}</arg>
<arg>${arg_range_to}</arg>
<doc>Types the given ``text`` into the text field identified by ``locator``.</doc>
<status status="PASS" start="2024-09-24T11:08:53.759881" elapsed="0.277175"/>
</kw>
<arg>35000</arg>
<status status="PASS" start="2024-09-24T11:08:53.758168" elapsed="0.279387"/>
</kw>
<kw name="Scroll Element Into View" owner="SeleniumLibrary">
<arg>${confirm_submit}</arg>
<doc>Scrolls the element identified by ``locator`` into view.</doc>
<status status="PASS" start="2024-09-24T11:08:54.038308" elapsed="0.346998"/>
</kw>
<kw name="Comments" owner="Recruitment_Request_Keywords">
<kw name="Input Text" owner="SeleniumLibrary">
<msg time="2024-09-24T11:08:54.387540" level="INFO">Typing text 'As the potential candidate are available externally, we have decided to try to find the candidate through external recruitment process first.' into text field 'id:comments'.</msg>
<arg>${comment}</arg>
<arg>${arg_comment}</arg>
<doc>Types the given ``text`` into the text field identified by ``locator``.</doc>
<status status="PASS" start="2024-09-24T11:08:54.386818" elapsed="0.353642"/>
</kw>
<arg>As the potential candidate are available externally, we have decided to try to find the candidate through external recruitment process first.</arg>
<status status="PASS" start="2024-09-24T11:08:54.385990" elapsed="0.355127"/>
</kw>
<kw name="Confirm Submit" owner="Recruitment_Request_Keywords">
<kw name="Click Button" owner="SeleniumLibrary">
<msg time="2024-09-24T11:08:54.743393" level="INFO">Clicking button 'name:save_and_update'.</msg>
<arg>${confirm_submit}</arg>
<doc>Clicks the button identified by ``locator``.</doc>
<status status="PASS" start="2024-09-24T11:08:54.742916" elapsed="1.922840"/>
</kw>
<status status="PASS" start="2024-09-24T11:08:54.741958" elapsed="1.924312"/>
</kw>
<kw name="Submission Check" owner="Recruitment_Request_Keywords">
<kw name="Page Should Contain" owner="SeleniumLibrary">
<msg time="2024-09-24T11:08:56.857759" level="INFO">Current page contains text 'Recruitment Request List'.</msg>
<arg>${arg_submission_check}</arg>
<doc>Verifies that current page contains ``text``.</doc>
<status status="PASS" start="2024-09-24T11:08:56.668143" elapsed="0.190024"/>
</kw>
<arg>Recruitment Request List</arg>
<status status="PASS" start="2024-09-24T11:08:56.666943" elapsed="0.191570"/>
</kw>
<kw name="Sleep" owner="BuiltIn">
<msg time="2024-09-24T11:09:01.865390" level="INFO">Slept 5 seconds.</msg>
<arg>5 Seconds</arg>
<doc>Pauses the test executed for the given time.</doc>
<status status="PASS" start="2024-09-24T11:08:56.863676" elapsed="5.002002"/>
</kw>
<status status="PASS" start="2024-09-24T11:08:44.150691" elapsed="17.715691"/>
</test>
<test id="s1-t3" name="HOD Approval" line="75">
<kw name="Click Nav Hod" owner="Recruitment_Request_Keywords">
<kw name="Click Element" owner="SeleniumLibrary">
<msg time="2024-09-24T11:09:01.871594" level="INFO">Clicking element 'link:HOD'.</msg>
<arg>${nav_hod}</arg>
<doc>Click the element identified by ``locator``.</doc>
<status status="PASS" start="2024-09-24T11:09:01.870935" elapsed="1.400479"/>
</kw>
<status status="PASS" start="2024-09-24T11:09:01.869382" elapsed="1.402755"/>
</kw>
<kw name="Click Edit" owner="Recruitment_Request_Keywords">
<kw name="Click Element" owner="SeleniumLibrary">
<msg time="2024-09-24T11:09:03.278783" level="INFO">Clicking element 'xpath:(//i[@class='fa fa-edit'])[1]'.</msg>
<arg>${edit}</arg>
<doc>Click the element identified by ``locator``.</doc>
<status status="PASS" start="2024-09-24T11:09:03.277108" elapsed="1.310188"/>
</kw>
<status status="PASS" start="2024-09-24T11:09:03.274194" elapsed="1.313691"/>
</kw>
<kw name="C HR Manager" owner="Recruitment_Request_Keywords">
<kw name="Select From List By Value" owner="SeleniumLibrary">
<msg time="2024-09-24T11:09:04.600894" level="INFO">Selecting options from selection list 'id:chrm_id' by value 1.</msg>
<arg>${c_hr_manager}</arg>
<arg>1</arg>
<doc>Selects options from selection list ``locator`` by ``values``.</doc>
<status status="PASS" start="2024-09-24T11:09:04.596979" elapsed="0.291805"/>
</kw>
<status status="PASS" start="2024-09-24T11:09:04.593341" elapsed="0.296071"/>
</kw>
<kw name="C F Manager" owner="Recruitment_Request_Keywords">
<kw name="Select From List By Value" owner="SeleniumLibrary">
<msg time="2024-09-24T11:09:04.892854" level="INFO">Selecting options from selection list 'id:cfm_id' by value 9.</msg>
<arg>${c_f_manager}</arg>
<arg>9</arg>
<doc>Selects options from selection list ``locator`` by ``values``.</doc>
<status status="PASS" start="2024-09-24T11:09:04.892011" elapsed="0.384816"/>
</kw>
<status status="PASS" start="2024-09-24T11:09:04.890889" elapsed="0.386325"/>
</kw>
<kw name="Scroll Element Into View" owner="SeleniumLibrary">
<arg>${confirm_submit}</arg>
<doc>Scrolls the element identified by ``locator`` into view.</doc>
<status status="PASS" start="2024-09-24T11:09:05.277742" elapsed="0.417307"/>
</kw>
<kw name="HOD I Agree" owner="Recruitment_Request_Keywords">
<kw name="Select Checkbox" owner="SeleniumLibrary">
<msg time="2024-09-24T11:09:05.699436" level="INFO">Selecting checkbox 'name:hodam_status'.</msg>
<arg>${hod_i_agree}</arg>
<doc>Selects the checkbox identified by ``locator``.</doc>
<status status="PASS" start="2024-09-24T11:09:05.698677" elapsed="0.235518"/>
</kw>
<status status="PASS" start="2024-09-24T11:09:05.696568" elapsed="0.237907"/>
</kw>
<kw name="Sleep" owner="BuiltIn">
<msg time="2024-09-24T11:09:08.935458" level="INFO">Slept 3 seconds.</msg>
<arg>3 Seconds</arg>
<doc>Pauses the test executed for the given time.</doc>
<status status="PASS" start="2024-09-24T11:09:05.934904" elapsed="3.000720"/>
</kw>
<kw name="Confirm Submit" owner="Recruitment_Request_Keywords">
<kw name="Click Button" owner="SeleniumLibrary">
<msg time="2024-09-24T11:09:08.937281" level="INFO">Clicking button 'name:save_and_update'.</msg>
<arg>${confirm_submit}</arg>
<doc>Clicks the button identified by ``locator``.</doc>
<status status="PASS" start="2024-09-24T11:09:08.936725" elapsed="2.083474"/>
</kw>
<status status="PASS" start="2024-09-24T11:09:08.936040" elapsed="2.085281"/>
</kw>
<kw name="Sleep" owner="BuiltIn">
<msg time="2024-09-24T11:09:14.027738" level="INFO">Slept 3 seconds.</msg>
<arg>3 Seconds</arg>
<doc>Pauses the test executed for the given time.</doc>
<status status="PASS" start="2024-09-24T11:09:11.025514" elapsed="3.002419"/>
</kw>
<kw name="Submission Check" owner="Recruitment_Request_Keywords">
<kw name="Page Should Contain" owner="SeleniumLibrary">
<msg time="2024-09-24T11:09:14.051909" level="INFO">Current page contains text 'Recruitment Request List'.</msg>
<arg>${arg_submission_check}</arg>
<doc>Verifies that current page contains ``text``.</doc>
<status status="PASS" start="2024-09-24T11:09:14.029382" elapsed="0.022772"/>
</kw>
<arg>Recruitment Request List</arg>
<status status="PASS" start="2024-09-24T11:09:14.028478" elapsed="0.023834"/>
</kw>
<kw name="Sleep" owner="BuiltIn">
<msg time="2024-09-24T11:09:17.053120" level="INFO">Slept 3 seconds.</msg>
<arg>3 Seconds</arg>
<doc>Pauses the test executed for the given time.</doc>
<status status="PASS" start="2024-09-24T11:09:14.052599" elapsed="3.000716"/>
</kw>
<status status="PASS" start="2024-09-24T11:09:01.867303" elapsed="15.186477"/>
</test>
<test id="s1-t4" name="C HR Manager Approval" line="88">
<kw name="CLick Nav C HR Manager" owner="Recruitment_Request_Keywords">
<kw name="Click Element" owner="SeleniumLibrary">
<msg time="2024-09-24T11:09:17.056500" level="INFO">Clicking element 'link:C HR Manager'.</msg>
<arg>${nav_c_hr_manager}</arg>
<doc>Click the element identified by ``locator``.</doc>
<status status="PASS" start="2024-09-24T11:09:17.056043" elapsed="0.928897"/>
</kw>
<status status="PASS" start="2024-09-24T11:09:17.055406" elapsed="0.929959"/>
</kw>
<kw name="Click Edit" owner="Recruitment_Request_Keywords">
<kw name="Click Element" owner="SeleniumLibrary">
<msg time="2024-09-24T11:09:18.000803" level="INFO">Clicking element 'xpath:(//i[@class='fa fa-edit'])[1]'.</msg>
<arg>${edit}</arg>
<doc>Click the element identified by ``locator``.</doc>
<status status="PASS" start="2024-09-24T11:09:17.998553" elapsed="1.131953"/>
</kw>
<status status="PASS" start="2024-09-24T11:09:17.990504" elapsed="1.143252"/>
</kw>
<kw name="Scroll Element Into View" owner="SeleniumLibrary">
<arg>${confirm_submit}</arg>
<doc>Scrolls the element identified by ``locator`` into view.</doc>
<status status="PASS" start="2024-09-24T11:09:19.135660" elapsed="0.346606"/>
</kw>
<kw name="CHRM I Agree" owner="Recruitment_Request_Keywords">
<kw name="Select Checkbox" owner="SeleniumLibrary">
<msg time="2024-09-24T11:09:19.483581" level="INFO">Selecting checkbox 'name:chrm_status'.</msg>
<arg>${chrm_i_agree}</arg>
<doc>Selects the checkbox identified by ``locator``.</doc>
<status status="PASS" start="2024-09-24T11:09:19.483304" elapsed="0.099475"/>
</kw>
<status status="PASS" start="2024-09-24T11:09:19.482863" elapsed="0.100368"/>
</kw>
<kw name="Sleep" owner="BuiltIn">
<msg time="2024-09-24T11:09:22.584397" level="INFO">Slept 3 seconds.</msg>
<arg>3 Seconds</arg>
<doc>Pauses the test executed for the given time.</doc>
<status status="PASS" start="2024-09-24T11:09:19.583747" elapsed="3.001433"/>
</kw>
<kw name="Confirm Submit" owner="Recruitment_Request_Keywords">
<kw name="Click Button" owner="SeleniumLibrary">
<msg time="2024-09-24T11:09:22.586821" level="INFO">Clicking button 'name:save_and_update'.</msg>
<arg>${confirm_submit}</arg>
<doc>Clicks the button identified by ``locator``.</doc>
<status status="PASS" start="2024-09-24T11:09:22.586480" elapsed="2.133410"/>
</kw>
<status status="PASS" start="2024-09-24T11:09:22.585883" elapsed="2.134767"/>
</kw>
<kw name="Sleep" owner="BuiltIn">
<msg time="2024-09-24T11:09:27.724781" level="INFO">Slept 3 seconds.</msg>
<arg>3 Seconds</arg>
<doc>Pauses the test executed for the given time.</doc>
<status status="PASS" start="2024-09-24T11:09:24.723763" elapsed="3.001215"/>
</kw>
<kw name="Submission Check" owner="Recruitment_Request_Keywords">
<kw name="Page Should Contain" owner="SeleniumLibrary">
<msg time="2024-09-24T11:09:27.749222" level="INFO">Current page contains text 'Recruitment Request List'.</msg>
<arg>${arg_submission_check}</arg>
<doc>Verifies that current page contains ``text``.</doc>
<status status="PASS" start="2024-09-24T11:09:27.726172" elapsed="0.023250"/>
</kw>
<arg>Recruitment Request List</arg>
<status status="PASS" start="2024-09-24T11:09:27.725538" elapsed="0.024044"/>
</kw>
<kw name="Sleep" owner="BuiltIn">
<msg time="2024-09-24T11:09:30.750313" level="INFO">Slept 3 seconds.</msg>
<arg>3 Seconds</arg>
<doc>Pauses the test executed for the given time.</doc>
<status status="PASS" start="2024-09-24T11:09:27.749883" elapsed="3.000596"/>
</kw>
<status status="PASS" start="2024-09-24T11:09:17.054457" elapsed="13.696517"/>
</test>
<test id="s1-t5" name="C F Manager Approval" line="99">
<kw name="Click Nav C F Manager" owner="Recruitment_Request_Keywords">
<kw name="Click Element" owner="SeleniumLibrary">
<msg time="2024-09-24T11:09:30.753568" level="INFO">Clicking element 'link:C F Manager'.</msg>
<arg>${nav_c_f_manager}</arg>
<doc>Click the element identified by ``locator``.</doc>
<status status="PASS" start="2024-09-24T11:09:30.752945" elapsed="5.030467"/>
</kw>
<status status="PASS" start="2024-09-24T11:09:30.752154" elapsed="5.031549"/>
</kw>
<kw name="Click Edit" owner="Recruitment_Request_Keywords">
<kw name="Click Element" owner="SeleniumLibrary">
<msg time="2024-09-24T11:09:35.786007" level="INFO">Clicking element 'xpath:(//i[@class='fa fa-edit'])[1]'.</msg>
<arg>${edit}</arg>
<doc>Click the element identified by ``locator``.</doc>
<status status="PASS" start="2024-09-24T11:09:35.784930" elapsed="1.822940"/>
</kw>
<status status="PASS" start="2024-09-24T11:09:35.784261" elapsed="1.827719"/>
</kw>
<kw name="Scroll Element Into View" owner="SeleniumLibrary">
<arg>${confirm_submit}</arg>
<doc>Scrolls the element identified by ``locator`` into view.</doc>
<status status="PASS" start="2024-09-24T11:09:37.617031" elapsed="0.354107"/>
</kw>
<kw name="CFM I Agree" owner="Recruitment_Request_Keywords">
<kw name="Select Checkbox" owner="SeleniumLibrary">
<msg time="2024-09-24T11:09:37.972536" level="INFO">Selecting checkbox 'name:cfm_status'.</msg>
<arg>${cfm_i_agree}</arg>
<doc>Selects the checkbox identified by ``locator``.</doc>
<status status="PASS" start="2024-09-24T11:09:37.972181" elapsed="0.094161"/>
</kw>
<status status="PASS" start="2024-09-24T11:09:37.971670" elapsed="0.095175"/>
</kw>
<kw name="Sleep" owner="BuiltIn">
<msg time="2024-09-24T11:09:41.067999" level="INFO">Slept 3 seconds.</msg>
<arg>3 Seconds</arg>
<doc>Pauses the test executed for the given time.</doc>
<status status="PASS" start="2024-09-24T11:09:38.067377" elapsed="3.000884"/>
</kw>
<kw name="Confirm Submit" owner="Recruitment_Request_Keywords">
<kw name="Click Button" owner="SeleniumLibrary">
<msg time="2024-09-24T11:09:41.069709" level="INFO">Clicking button 'name:save_and_update'.</msg>
<arg>${confirm_submit}</arg>
<doc>Clicks the button identified by ``locator``.</doc>
<status status="PASS" start="2024-09-24T11:09:41.069253" elapsed="7.423634"/>
</kw>
<status status="PASS" start="2024-09-24T11:09:41.068796" elapsed="7.424482"/>
</kw>
<kw name="Sleep" owner="BuiltIn">
<msg time="2024-09-24T11:09:51.495341" level="INFO">Slept 3 seconds.</msg>
<arg>3 Seconds</arg>
<doc>Pauses the test executed for the given time.</doc>
<status status="PASS" start="2024-09-24T11:09:48.493748" elapsed="3.001784"/>
</kw>
<kw name="Submission Check" owner="Recruitment_Request_Keywords">
<kw name="Page Should Contain" owner="SeleniumLibrary">
<msg time="2024-09-24T11:09:51.521951" level="INFO">Current page contains text 'Recruitment Request List'.</msg>
<arg>${arg_submission_check}</arg>
<doc>Verifies that current page contains ``text``.</doc>
<status status="PASS" start="2024-09-24T11:09:51.496918" elapsed="0.025312"/>
</kw>
<arg>Recruitment Request List</arg>
<status status="PASS" start="2024-09-24T11:09:51.496013" elapsed="0.026631"/>
</kw>
<kw name="Sleep" owner="BuiltIn">
<msg time="2024-09-24T11:09:54.523840" level="INFO">Slept 3 seconds.</msg>
<arg>3 Seconds</arg>
<doc>Pauses the test executed for the given time.</doc>
<status status="PASS" start="2024-09-24T11:09:51.523222" elapsed="3.000820"/>
</kw>
<status status="PASS" start="2024-09-24T11:09:30.751385" elapsed="23.773424"/>
</test>
<test id="s1-t6" name="Job Advertisement" line="110">
<kw name="Click Job" owner="Job_Advertisement_Keywords">
<kw name="Click Element" owner="SeleniumLibrary">
<msg time="2024-09-24T11:09:54.528167" level="INFO">Clicking element 'link:Job'.</msg>
<arg>${job}</arg>
<doc>Click the element identified by ``locator``.</doc>
<status status="PASS" start="2024-09-24T11:09:54.527528" elapsed="0.134862"/>
</kw>
<status status="PASS" start="2024-09-24T11:09:54.526750" elapsed="0.135999"/>
</kw>
<kw name="Click Job Advertisement" owner="Job_Advertisement_Keywords">
<kw name="Click Element" owner="SeleniumLibrary">
<msg time="2024-09-24T11:09:54.665533" level="INFO">Clicking element 'link:Job Advertisement'.</msg>
<arg>${nav_job_adv}</arg>
<doc>Click the element identified by ``locator``.</doc>
<status status="PASS" start="2024-09-24T11:09:54.664865" elapsed="1.241337"/>
</kw>
<status status="PASS" start="2024-09-24T11:09:54.663792" elapsed="1.242940"/>
</kw>
<kw name="Click Add New" owner="Job_Advertisement_Keywords">
<kw name="Click Element" owner="SeleniumLibrary">
<msg time="2024-09-24T11:09:55.923402" level="INFO">Clicking element 'link:Add New'.</msg>
<arg>${add_new}</arg>
<doc>Click the element identified by ``locator``.</doc>
<status status="PASS" start="2024-09-24T11:09:55.913223" elapsed="2.491016"/>
</kw>
<status status="PASS" start="2024-09-24T11:09:55.909278" elapsed="2.495474"/>
</kw>
<status status="PASS" start="2024-09-24T11:09:54.525769" elapsed="3.881245"/>
</test>
<test id="s1-t7" name="Primary Job Information" line="114">
<kw name="Job Request Id" owner="Job_Advertisement_Keywords">
<kw name="Select From List By Label" owner="SeleniumLibrary">
<msg time="2024-09-24T11:09:58.420325" level="INFO">Selecting options from selection list 'id:recruitment_id' by label 1150.</msg>
<arg>${job_request_id}</arg>
<arg>${arg_job_request_id}</arg>
<doc>Selects options from selection list ``locator`` by ``labels``.</doc>
<status status="PASS" start="2024-09-24T11:09:58.419278" elapsed="0.259522"/>
</kw>
<arg>1150</arg>
<status status="PASS" start="2024-09-24T11:09:58.417816" elapsed="0.261744"/>
</kw>
<kw name="Job Category" owner="Job_Advertisement_Keywords">
<kw name="Select From List By Label" owner="SeleniumLibrary">
<msg time="2024-09-24T11:09:58.683291" level="INFO">Selecting options from selection list 'id:category_id' by label Technical.</msg>
<arg>${job_categroy}</arg>
<arg>${arg_job_category}</arg>
<doc>Selects options from selection list ``locator`` by ``labels``.</doc>
<status status="PASS" start="2024-09-24T11:09:58.682066" elapsed="0.194947"/>
</kw>
<arg>Technical</arg>
<status status="PASS" start="2024-09-24T11:09:58.680510" elapsed="0.196891"/>
</kw>
<kw name="Job Type" owner="Job_Advertisement_Keywords">
<kw name="Select From List By Label" owner="SeleniumLibrary">
<msg time="2024-09-24T11:09:58.882000" level="INFO">Selecting options from selection list 'id:employment_status' by label Contractual.</msg>
<arg>${job_type}</arg>
<arg>${arg_job_type}</arg>
<doc>Selects options from selection list ``locator`` by ``labels``.</doc>
<status status="PASS" start="2024-09-24T11:09:58.881333" elapsed="0.238163"/>
</kw>
<arg>Contractual</arg>
<status status="PASS" start="2024-09-24T11:09:58.878247" elapsed="0.241533"/>
</kw>
<kw name="Role Type" owner="Job_Advertisement_Keywords">
<kw name="Select From List By Label" owner="SeleniumLibrary">
<msg time="2024-09-24T11:09:59.124648" level="INFO">Selecting options from selection list 'id:employee_type' by label Intern.</msg>
<arg>${role_type}</arg>
<arg>${arg_role_type}</arg>
<doc>Selects options from selection list ``locator`` by ``labels``.</doc>
<status status="PASS" start="2024-09-24T11:09:59.123315" elapsed="0.274860"/>
</kw>
<arg>Intern</arg>
<status status="PASS" start="2024-09-24T11:09:59.120516" elapsed="0.277990"/>
</kw>
<kw name="Published date" owner="Job_Advertisement_Keywords">
<kw name="Input Text" owner="SeleniumLibrary">
<msg time="2024-09-24T11:09:59.401360" level="INFO">Typing text '18-08-2024' into text field 'id:published_date'.</msg>
<arg>${published_date}</arg>
<arg>${arg_published_date}</arg>
<doc>Types the given ``text`` into the text field identified by ``locator``.</doc>
<status status="PASS" start="2024-09-24T11:09:59.400198" elapsed="0.323193"/>
</kw>
<arg>18-08-2024</arg>
<status status="PASS" start="2024-09-24T11:09:59.399418" elapsed="0.324426"/>
</kw>
<kw name="Application deadline" owner="Job_Advertisement_Keywords">
<kw name="Input Text" owner="SeleniumLibrary">
<msg time="2024-09-24T11:09:59.726923" level="INFO">Typing text '30-08-2026' into text field 'id:application_deadline'.</msg>
<arg>${application_deadline}</arg>
<arg>${arg_application_deadline}</arg>
<doc>Types the given ``text`` into the text field identified by ``locator``.</doc>
<status status="PASS" start="2024-09-24T11:09:59.725973" elapsed="0.242991"/>
</kw>
<arg>30-08-2026</arg>
<status status="PASS" start="2024-09-24T11:09:59.724567" elapsed="0.245296"/>
</kw>
<kw name="Scroll Element Into View" owner="SeleniumLibrary">
<arg>${save}</arg>
<doc>Scrolls the element identified by ``locator`` into view.</doc>
<status status="PASS" start="2024-09-24T11:09:59.971135" elapsed="0.353020"/>
</kw>
<kw name="Special Instruction" owner="Job_Advertisement_Keywords">
<kw name="Select Frame" owner="SeleniumLibrary">
<msg time="2024-09-24T11:10:00.326070" level="INFO">Selecting frame 'xpath://iframe[@id='special_instruction_ifr']'.</msg>
<arg>${special_instruction}</arg>
<doc>Sets frame identified by ``locator`` as the current frame.</doc>
<status status="PASS" start="2024-09-24T11:10:00.325615" elapsed="0.045260"/>
</kw>
<kw name="Input Text" owner="SeleniumLibrary">
<msg time="2024-09-24T11:10:00.371765" level="INFO">Typing text 'This is Special Instruction for Job seekers. You need to complete daily task.' into text field 'id:tinymce'.</msg>
<arg>${special_instruction_body}</arg>
<arg>${arg_sp_instruction}</arg>
<doc>Types the given ``text`` into the text field identified by ``locator``.</doc>
<status status="PASS" start="2024-09-24T11:10:00.371217" elapsed="0.280272"/>
</kw>
<kw name="Unselect Frame" owner="SeleniumLibrary">
<doc>Sets the main frame as the current frame.</doc>
<status status="PASS" start="2024-09-24T11:10:00.652022" elapsed="0.008007"/>
</kw>
<arg>This is Special Instruction for Job seekers. You need to complete daily task.</arg>
<status status="PASS" start="2024-09-24T11:10:00.324803" elapsed="0.338037"/>
</kw>
<kw name="Sleep" owner="BuiltIn">
<msg time="2024-09-24T11:10:03.665970" level="INFO">Slept 3 seconds.</msg>
<arg>3 Seconds</arg>
<doc>Pauses the test executed for the given time.</doc>
<status status="PASS" start="2024-09-24T11:10:00.663575" elapsed="3.002610"/>
</kw>
<kw name="Save" owner="Job_Advertisement_Keywords">
<kw name="Click Button" owner="SeleniumLibrary">
<msg time="2024-09-24T11:10:03.668005" level="INFO">Clicking button 'name:save'.</msg>
<arg>${save}</arg>
<doc>Clicks the button identified by ``locator``.</doc>
<status status="PASS" start="2024-09-24T11:10:03.667545" elapsed="4.558340"/>
</kw>
<status status="PASS" start="2024-09-24T11:10:03.666707" elapsed="4.560194"/>
</kw>
<kw name="Sleep" owner="BuiltIn">
<msg time="2024-09-24T11:10:13.228685" level="INFO">Slept 5 seconds.</msg>
<arg>5 Seconds</arg>
<doc>Pauses the test executed for the given time.</doc>
<status status="PASS" start="2024-09-24T11:10:08.227875" elapsed="5.001081"/>
</kw>
<status status="PASS" start="2024-09-24T11:09:58.414503" elapsed="14.815335"/>
</test>
<test id="s1-t8" name="More Job Information" line="126">
<kw name="More Job Information" owner="Job_Advertisement_Keywords">
<kw name="Click Element" owner="SeleniumLibrary">
<msg time="2024-09-24T11:10:13.236580" level="INFO">Clicking element 'link:More Job Information'.</msg>
<arg>${tab_more_job_information}</arg>
<doc>Click the element identified by ``locator``.</doc>
<status status="PASS" start="2024-09-24T11:10:13.235214" elapsed="0.247518"/>
</kw>
<status status="PASS" start="2024-09-24T11:10:13.234158" elapsed="0.248912"/>
</kw>
<kw name="Job Level" owner="Job_Advertisement_Keywords">
<kw name="Select From List By Label" owner="SeleniumLibrary">
<msg time="2024-09-24T11:10:13.488107" level="INFO">Selecting options from selection list 'name:job_level' by label Top.</msg>
<arg>${job_level}</arg>
<arg>${arg_application_deadline}</arg>
<doc>Selects options from selection list ``locator`` by ``labels``.</doc>
<status status="PASS" start="2024-09-24T11:10:13.485169" elapsed="0.317742"/>
</kw>
<arg>Top</arg>
<status status="PASS" start="2024-09-24T11:10:13.483722" elapsed="0.319719"/>
</kw>
<kw name="Job Context" owner="Job_Advertisement_Keywords">
<kw name="Select Frame" owner="SeleniumLibrary">
<msg time="2024-09-24T11:10:13.807261" level="INFO">Selecting frame 'id:job_context_ifr'.</msg>
<arg>${job_context_ifr}</arg>
<doc>Sets frame identified by ``locator`` as the current frame.</doc>
<status status="PASS" start="2024-09-24T11:10:13.806332" elapsed="0.084307"/>
</kw>
<kw name="Input Text" owner="SeleniumLibrary">
<msg time="2024-09-24T11:10:13.892299" level="INFO">Typing text 'Handicap International-Humanity &amp; Inclusion (HI) has been working' into text field 'id:tinymce'.</msg>
<arg>${job_context_body}</arg>
<arg>${arg_job_context}</arg>
<doc>Types the given ``text`` into the text field identified by ``locator``.</doc>
<status status="PASS" start="2024-09-24T11:10:13.891306" elapsed="0.291244"/>
</kw>
<kw name="Unselect Frame" owner="SeleniumLibrary">
<doc>Sets the main frame as the current frame.</doc>
<status status="PASS" start="2024-09-24T11:10:14.183338" elapsed="0.007349"/>
</kw>
<arg>Handicap International-Humanity &amp; Inclusion (HI) has been working</arg>
<status status="PASS" start="2024-09-24T11:10:13.804665" elapsed="0.386597"/>
</kw>
<kw name="Job Responsibilities" owner="Job_Advertisement_Keywords">
<kw name="Select Frame" owner="SeleniumLibrary">
<msg time="2024-09-24T11:10:14.196354" level="INFO">Selecting frame 'id:job_responsibility_ifr'.</msg>
<arg>${job_responsibility_ifr}</arg>
<doc>Sets frame identified by ``locator`` as the current frame.</doc>
<status status="PASS" start="2024-09-24T11:10:14.195527" elapsed="0.057937"/>
</kw>
<kw name="Input Text" owner="SeleniumLibrary">
<msg time="2024-09-24T11:10:14.254694" level="INFO">Typing text 'Mission 1: Management' into text field 'id:tinymce'.</msg>
<arg>${job_responsibility_body}</arg>
<arg>${arg_job_responsibility}</arg>
<doc>Types the given ``text`` into the text field identified by ``locator``.</doc>
<status status="PASS" start="2024-09-24T11:10:14.253959" elapsed="0.152166"/>
</kw>
<kw name="Unselect Frame" owner="SeleniumLibrary">
<doc>Sets the main frame as the current frame.</doc>
<status status="PASS" start="2024-09-24T11:10:14.406427" elapsed="0.005069"/>
</kw>
<arg>Mission 1: Management</arg>
<status status="PASS" start="2024-09-24T11:10:14.193674" elapsed="0.218179"/>
</kw>
<kw name="Workplace" owner="Job_Advertisement_Keywords">
<kw name="Select From List By Label" owner="SeleniumLibrary">
<msg time="2024-09-24T11:10:14.413853" level="INFO">Selecting options from selection list 'id:workplace' by label Work from home.</msg>
<arg>${workplace}</arg>
<arg>${arg_workplace}</arg>
<doc>Selects options from selection list ``locator`` by ``labels``.</doc>
<status status="PASS" start="2024-09-24T11:10:14.413470" elapsed="0.132698"/>
</kw>
<arg>Work from home</arg>
<status status="PASS" start="2024-09-24T11:10:14.412742" elapsed="0.133751"/>
</kw>
<kw name="Area" owner="Job_Advertisement_Keywords">
<kw name="Select From List By Label" owner="SeleniumLibrary">
<msg time="2024-09-24T11:10:14.552510" level="INFO">Selecting options from selection list 'id:area_headquarters' by label Field.</msg>
<arg>${area}</arg>
<arg>${arg_area}</arg>
<doc>Selects options from selection list ``locator`` by ``labels``.</doc>
<status status="PASS" start="2024-09-24T11:10:14.550412" elapsed="0.262136"/>
</kw>
<arg>Field</arg>
<status status="PASS" start="2024-09-24T11:10:14.547183" elapsed="0.268023"/>
</kw>
<kw name="Job Location" owner="Job_Advertisement_Keywords">
<kw name="Input Text" owner="SeleniumLibrary">
<msg time="2024-09-24T11:10:14.818374" level="INFO">Typing text 'Dhaka' into text field 'id:job_location'.</msg>
<arg>${job_location}</arg>
<arg>${arg_job_location}</arg>
<doc>Types the given ``text`` into the text field identified by ``locator``.</doc>
<status status="PASS" start="2024-09-24T11:10:14.817248" elapsed="0.295892"/>
</kw>
<arg>Dhaka</arg>
<status status="PASS" start="2024-09-24T11:10:14.816016" elapsed="0.297531"/>
</kw>
<kw name="Salary From" owner="Job_Advertisement_Keywords">
<kw name="Input Text" owner="SeleniumLibrary">
<msg time="2024-09-24T11:10:15.125700" level="INFO">Typing text '35000' into text field 'id:salary_from'.</msg>
<arg>${salary_from}</arg>
<arg>${arg_salary_from}</arg>
<doc>Types the given ``text`` into the text field identified by ``locator``.</doc>
<status status="PASS" start="2024-09-24T11:10:15.119593" elapsed="0.331959"/>
</kw>
<arg>35000</arg>
<status status="PASS" start="2024-09-24T11:10:15.116173" elapsed="0.337433"/>
</kw>
<kw name="Salary To" owner="Job_Advertisement_Keywords">
<kw name="Input Text" owner="SeleniumLibrary">
<msg time="2024-09-24T11:10:15.459651" level="INFO">Typing text '45000' into text field 'id:salary_to'.</msg>
<arg>${salary_to}</arg>
<arg>${arg_salary_to}</arg>
<doc>Types the given ``text`` into the text field identified by ``locator``.</doc>
<status status="PASS" start="2024-09-24T11:10:15.457453" elapsed="0.302722"/>
</kw>
<arg>45000</arg>
<status status="PASS" start="2024-09-24T11:10:15.454514" elapsed="0.306010"/>
</kw>
<kw name="Show Salary_More" owner="Job_Advertisement_Keywords">
<kw name="Click Element" owner="SeleniumLibrary">
<msg time="2024-09-24T11:10:15.763118" level="INFO">Clicking element 'id:show_salary'.</msg>
<arg>${show_salary_radio}</arg>
<doc>Click the element identified by ``locator``.</doc>
<status status="PASS" start="2024-09-24T11:10:15.762381" elapsed="0.145351"/>
</kw>
<status status="PASS" start="2024-09-24T11:10:15.761350" elapsed="0.146785"/>
</kw>
<kw name="Additional Salary" owner="Job_Advertisement_Keywords">
<kw name="Select Frame" owner="SeleniumLibrary">
<msg time="2024-09-24T11:10:15.910256" level="INFO">Selecting frame 'id:additional_salary_ifr'.</msg>
<arg>${additional_salary_ifr}</arg>
<doc>Sets frame identified by ``locator`` as the current frame.</doc>
<status status="PASS" start="2024-09-24T11:10:15.909675" elapsed="0.085140"/>
</kw>
<kw name="Input Text" owner="SeleniumLibrary">
<msg time="2024-09-24T11:10:15.996213" level="INFO">Typing text 'A hardship allowance will be added to working in Cox's Bazar District only.' into text field 'id:tinymce'.</msg>
<arg>${additional_salary_body}</arg>
<arg>${arg_additional_salary}</arg>
<doc>Types the given ``text`` into the text field identified by ``locator``.</doc>
<status status="PASS" start="2024-09-24T11:10:15.995385" elapsed="0.298818"/>
</kw>
<kw name="Unselect Frame" owner="SeleniumLibrary">
<doc>Sets the main frame as the current frame.</doc>
<status status="PASS" start="2024-09-24T11:10:16.294551" elapsed="0.003491"/>
</kw>
<arg>A hardship allowance will be added to working in Cox's Bazar District only.</arg>
<status status="PASS" start="2024-09-24T11:10:15.908754" elapsed="0.389527"/>
</kw>
<kw name="Festival Bonus" owner="Job_Advertisement_Keywords">
<kw name="Select Checkbox" owner="SeleniumLibrary">
<msg time="2024-09-24T11:10:16.299640" level="INFO">Selecting checkbox 'id:inlineCheckbox-9'.</msg>
<arg>${chk_Festival_Bonus}</arg>
<doc>Selects the checkbox identified by ``locator``.</doc>
<status status="PASS" start="2024-09-24T11:10:16.299286" elapsed="0.114762"/>
</kw>
<status status="PASS" start="2024-09-24T11:10:16.298720" elapsed="0.115670"/>
</kw>
<kw name="Gratuity" owner="Job_Advertisement_Keywords">
<kw name="Select Checkbox" owner="SeleniumLibrary">
<msg time="2024-09-24T11:10:16.415924" level="INFO">Selecting checkbox 'id:inlineCheckbox-4'.</msg>
<arg>${chk_Gratuity}</arg>
<doc>Selects the checkbox identified by ``locator``.</doc>
<status status="PASS" start="2024-09-24T11:10:16.415514" elapsed="0.115081"/>
</kw>
<status status="PASS" start="2024-09-24T11:10:16.414912" elapsed="0.115940"/>
</kw>
<kw name="Leave" owner="Job_Advertisement_Keywords">
<kw name="Select Checkbox" owner="SeleniumLibrary">
<msg time="2024-09-24T11:10:16.533068" level="INFO">Selecting checkbox 'id:inlineCheckbox-8'.</msg>
<arg>${chk_Leave}</arg>
<doc>Selects the checkbox identified by ``locator``.</doc>
<status status="PASS" start="2024-09-24T11:10:16.532412" elapsed="0.110369"/>
</kw>
<status status="PASS" start="2024-09-24T11:10:16.531533" elapsed="0.111613"/>
</kw>
<kw name="Maternity Coverage" owner="Job_Advertisement_Keywords">
<kw name="Select Checkbox" owner="SeleniumLibrary">
<msg time="2024-09-24T11:10:16.647129" level="INFO">Selecting checkbox 'id:inlineCheckbox-7'.</msg>
<arg>${chk_Maternity_Coverage}</arg>
<doc>Selects the checkbox identified by ``locator``.</doc>
<status status="PASS" start="2024-09-24T11:10:16.646504" elapsed="0.114649"/>
</kw>
<status status="PASS" start="2024-09-24T11:10:16.644992" elapsed="0.116624"/>
</kw>
<kw name="Medical Coverage" owner="Job_Advertisement_Keywords">
<kw name="Select Checkbox" owner="SeleniumLibrary">
<msg time="2024-09-24T11:10:16.764702" level="INFO">Selecting checkbox 'id:inlineCheckbox-6'.</msg>
<arg>${chk_Medical_Coverage}</arg>
<doc>Selects the checkbox identified by ``locator``.</doc>
<status status="PASS" start="2024-09-24T11:10:16.764183" elapsed="0.112060"/>
</kw>
<status status="PASS" start="2024-09-24T11:10:16.763195" elapsed="0.113554"/>
</kw>
<kw name="Mobile Allowances" owner="Job_Advertisement_Keywords">
<kw name="Select Checkbox" owner="SeleniumLibrary">
<msg time="2024-09-24T11:10:16.880038" level="INFO">Selecting checkbox 'id:inlineCheckbox-1'.</msg>
<arg>${chk_Mobile_Allowances}</arg>
<doc>Selects the checkbox identified by ``locator``.</doc>
<status status="PASS" start="2024-09-24T11:10:16.879124" elapsed="0.111086"/>
</kw>
<status status="PASS" start="2024-09-24T11:10:16.878126" elapsed="0.112330"/>
</kw>
<kw name="Per diem" owner="Job_Advertisement_Keywords">
<kw name="Select Checkbox" owner="SeleniumLibrary">
<msg time="2024-09-24T11:10:16.993976" level="INFO">Selecting checkbox 'id:inlineCheckbox-2'.</msg>
<arg>${chk_Per_diem}</arg>
<doc>Selects the checkbox identified by ``locator``.</doc>
<status status="PASS" start="2024-09-24T11:10:16.992598" elapsed="0.105056"/>
</kw>
<status status="PASS" start="2024-09-24T11:10:16.991340" elapsed="0.106662"/>
</kw>
<kw name="Provident Fund" owner="Job_Advertisement_Keywords">
<kw name="Select Checkbox" owner="SeleniumLibrary">
<msg time="2024-09-24T11:10:17.099886" level="INFO">Selecting checkbox 'id:inlineCheckbox-3'.</msg>
<arg>${chk_Provident_Fund}</arg>
<doc>Selects the checkbox identified by ``locator``.</doc>
<status status="PASS" start="2024-09-24T11:10:17.099444" elapsed="0.114416"/>
</kw>
<status status="PASS" start="2024-09-24T11:10:17.098548" elapsed="0.115608"/>
</kw>
<kw name="Staff Group Life Insurance" owner="Job_Advertisement_Keywords">
<kw name="Select Checkbox" owner="SeleniumLibrary">
<msg time="2024-09-24T11:10:17.216500" level="INFO">Selecting checkbox 'id:inlineCheckbox-5'.</msg>
<arg>${chk_Staff_Group_Life_Insurance}</arg>
<doc>Selects the checkbox identified by ``locator``.</doc>
<status status="PASS" start="2024-09-24T11:10:17.215769" elapsed="0.105123"/>
</kw>
<status status="PASS" start="2024-09-24T11:10:17.214833" elapsed="0.106355"/>
</kw>
<kw name="Weekly Holiday" owner="Job_Advertisement_Keywords">
<kw name="Select Checkbox" owner="SeleniumLibrary">
<msg time="2024-09-24T11:10:17.322649" level="INFO">Selecting checkbox 'id:inlineCheckbox-10'.</msg>
<arg>${chk_Weekly_Holiday}</arg>
<doc>Selects the checkbox identified by ``locator``.</doc>
<status status="PASS" start="2024-09-24T11:10:17.322254" elapsed="0.103292"/>
</kw>
<status status="PASS" start="2024-09-24T11:10:17.321682" elapsed="0.104181"/>
</kw>
<kw name="Other Benefits" owner="Job_Advertisement_Keywords">
<kw name="Select Frame" owner="SeleniumLibrary">
<msg time="2024-09-24T11:10:17.427617" level="INFO">Selecting frame 'id:other_benefits_ifr'.</msg>
<arg>${other_benefits_ifr}</arg>
<doc>Sets frame identified by ``locator`` as the current frame.</doc>
<status status="PASS" start="2024-09-24T11:10:17.427160" elapsed="0.049526"/>
</kw>
<kw name="Input Text" owner="SeleniumLibrary">
<msg time="2024-09-24T11:10:17.477377" level="INFO">Typing text 'Staff will get sick leave, annual leave, casual leave, medical leave, and event leave as per HI policy.' into text field 'id:tinymce'.</msg>
<arg>${other_benefits_body}</arg>
<arg>${arg_other_benefits}</arg>
<doc>Types the given ``text`` into the text field identified by ``locator``.</doc>
<status status="PASS" start="2024-09-24T11:10:17.476969" elapsed="0.322960"/>
</kw>
<kw name="Unselect Frame" owner="SeleniumLibrary">
<doc>Sets the main frame as the current frame.</doc>
<status status="PASS" start="2024-09-24T11:10:17.800248" elapsed="0.002830"/>
</kw>
<arg>Staff will get sick leave, annual leave, casual leave, medical leave, and event leave as per HI policy.</arg>
<status status="PASS" start="2024-09-24T11:10:17.426445" elapsed="0.376844"/>
</kw>
<kw name="Scroll Element Into View" owner="SeleniumLibrary">
<arg>link:Handicap International</arg>
<doc>Scrolls the element identified by ``locator`` into view.</doc>
<status status="PASS" start="2024-09-24T11:10:17.803661" elapsed="0.311679"/>
</kw>
<kw name="Save_More_Info" owner="Job_Advertisement_Keywords">
<kw name="Click Button" owner="SeleniumLibrary">
<msg time="2024-09-24T11:10:18.117739" level="INFO">Clicking button 'xpath:(//button[@name='save_and_update'][normalize-space()='Save and Continue'])[2]'.</msg>
<arg>${save_more}</arg>
<doc>Clicks the button identified by ``locator``.</doc>
<status status="PASS" start="2024-09-24T11:10:18.117067" elapsed="2.888503"/>
</kw>
<status status="PASS" start="2024-09-24T11:10:18.116009" elapsed="2.889990"/>
</kw>
<status status="PASS" start="2024-09-24T11:10:13.232581" elapsed="7.779252"/>
</test>
<test id="s1-t9" name="Candidate Requirements" line="151">
<kw name="Candidate Requirements" owner="Job_Advertisement_Keywords">
<kw name="Click Element" owner="SeleniumLibrary">
<msg time="2024-09-24T11:10:21.027247" level="INFO">Clicking element 'link:Candidate Requirements'.</msg>
<arg>${tab_candidate_requirements}</arg>
<doc>Click the element identified by ``locator``.</doc>
<status status="PASS" start="2024-09-24T11:10:21.019879" elapsed="0.226496"/>
</kw>
<status status="PASS" start="2024-09-24T11:10:21.018930" elapsed="0.229216"/>
</kw>
<kw name="Educational Qualification" owner="Job_Advertisement_Keywords">
<kw name="Input Text" owner="SeleniumLibrary">
<msg time="2024-09-24T11:10:21.256361" level="INFO">Typing text 'Test Educational Qualification' into text field 'id:educational_qualification'.</msg>
<arg>${educational_qualification}</arg>
<arg>${arg_educational_qualification}</arg>
<doc>Types the given ``text`` into the text field identified by ``locator``.</doc>
<status status="PASS" start="2024-09-24T11:10:21.254852" elapsed="0.444384"/>
</kw>
<arg>Test Educational Qualification</arg>
<status status="PASS" start="2024-09-24T11:10:21.253746" elapsed="0.446210"/>
</kw>
<kw name="Training/Trade Course" owner="Job_Advertisement_Keywords">
<kw name="Input Text" owner="SeleniumLibrary">
<msg time="2024-09-24T11:10:21.702786" level="INFO">Typing text 'Test Training/Trade Course' into text field 'id:training_course'.</msg>
<arg>${training_course}</arg>
<arg>${arg_training_course}</arg>
<doc>Types the given ``text`` into the text field identified by ``locator``.</doc>
<status status="PASS" start="2024-09-24T11:10:21.702146" elapsed="0.254020"/>
</kw>
<arg>Test Training/Trade Course</arg>
<status status="PASS" start="2024-09-24T11:10:21.700899" elapsed="0.255681"/>
</kw>
<kw name="Professional Certification" owner="Job_Advertisement_Keywords">
<kw name="Input Text" owner="SeleniumLibrary">
<msg time="2024-09-24T11:10:21.960149" level="INFO">Typing text 'Test Professional Certification' into text field 'id:professional_certification'.</msg>
<arg>${professional_certification}</arg>
<arg>${arg_professional_certification}</arg>
<doc>Types the given ``text`` into the text field identified by ``locator``.</doc>
<status status="PASS" start="2024-09-24T11:10:21.958950" elapsed="0.265412"/>
</kw>
<arg>Test Professional Certification</arg>
<status status="PASS" start="2024-09-24T11:10:21.957463" elapsed="0.267246"/>
</kw>
<kw name="Experience" owner="Job_Advertisement_Keywords">
<kw name="Click Element" owner="SeleniumLibrary">
<msg time="2024-09-24T11:10:22.229513" level="INFO">Clicking element 'id:is_experience_required2'.</msg>
<arg>${experience_status_radio}</arg>
<doc>Click the element identified by ``locator``.</doc>
<status status="PASS" start="2024-09-24T11:10:22.227737" elapsed="0.136560"/>
</kw>
<status status="PASS" start="2024-09-24T11:10:22.225475" elapsed="0.139506"/>
</kw>
<kw name="Minimum year of experience" owner="Job_Advertisement_Keywords">
<kw name="Input Text" owner="SeleniumLibrary">
<msg time="2024-09-24T11:10:22.368991" level="INFO">Typing text '1' into text field 'id:min_experience'.</msg>
<arg>${min_experience}</arg>
<arg>${arg_min_experience}</arg>
<doc>Types the given ``text`` into the text field identified by ``locator``.</doc>
<status status="PASS" start="2024-09-24T11:10:22.367821" elapsed="0.273541"/>
</kw>
<arg>1</arg>
<status status="PASS" start="2024-09-24T11:10:22.365880" elapsed="0.275948"/>
</kw>
<kw name="Maximum year of experience" owner="Job_Advertisement_Keywords">
<kw name="Input Text" owner="SeleniumLibrary">
<msg time="2024-09-24T11:10:22.645428" level="INFO">Typing text '3' into text field 'id:max_experience'.</msg>
<arg>${max_experience}</arg>
<arg>${arg_max_experience}</arg>
<doc>Types the given ``text`` into the text field identified by ``locator``.</doc>
<status status="PASS" start="2024-09-24T11:10:22.644301" elapsed="0.263924"/>
</kw>
<arg>3</arg>
<status status="PASS" start="2024-09-24T11:10:22.642582" elapsed="0.265988"/>
</kw>
<kw name="Freshers" owner="Job_Advertisement_Keywords">
<kw name="Select Checkbox" owner="SeleniumLibrary">
<msg time="2024-09-24T11:10:22.914661" level="INFO">Selecting checkbox 'id:is_fresher_apply'.</msg>
<arg>${chk_is_fresher_apply}</arg>
<doc>Selects the checkbox identified by ``locator``.</doc>
<status status="PASS" start="2024-09-24T11:10:22.912680" elapsed="0.204225"/>
</kw>
<status status="PASS" start="2024-09-24T11:10:22.910704" elapsed="0.206526"/>
</kw>
<kw name="Scroll Element Into View" owner="SeleniumLibrary">
<arg>${min_age}</arg>
<doc>Scrolls the element identified by ``locator`` into view.</doc>
<status status="PASS" start="2024-09-24T11:10:23.117739" elapsed="0.321929"/>
</kw>
<kw name="Area of Expertise" owner="Job_Advertisement_Keywords">
<kw name="Select From List By Label" owner="SeleniumLibrary">
<msg time="2024-09-24T11:10:23.441212" level="INFO">Selecting options from selection list 'id:expertise' by label HR Analytics.</msg>
<arg>${expertise}</arg>
<arg>${arg_expertise}</arg>
<doc>Selects options from selection list ``locator`` by ``labels``.</doc>
<status status="PASS" start="2024-09-24T11:10:23.440796" elapsed="0.138127"/>
</kw>
<arg>HR Analytics</arg>
<status status="PASS" start="2024-09-24T11:10:23.440205" elapsed="0.139402"/>
</kw>
<kw name="Skills" owner="Job_Advertisement_Keywords">
<kw name="Select From List By Label" owner="SeleniumLibrary">
<msg time="2024-09-24T11:10:23.581803" level="INFO">Selecting options from selection list 'id:skills' by label Communication.</msg>
<arg>${skills}</arg>
<arg>${arg_skills}</arg>
<doc>Selects options from selection list ``locator`` by ``labels``.</doc>
<status status="PASS" start="2024-09-24T11:10:23.581377" elapsed="0.244882"/>
</kw>
<arg>Communication</arg>
<status status="PASS" start="2024-09-24T11:10:23.580707" elapsed="0.246199"/>
</kw>
<kw name="Additional Requirements" owner="Job_Advertisement_Keywords">
<kw name="Select Frame" owner="SeleniumLibrary">
<msg time="2024-09-24T11:10:23.830773" level="INFO">Selecting frame 'id:additional_requirements_ifr'.</msg>
<arg>${additional_requirements_ifr}</arg>
<doc>Sets frame identified by ``locator`` as the current frame.</doc>
<status status="PASS" start="2024-09-24T11:10:23.829329" elapsed="0.109157"/>
</kw>
<kw name="Input Text" owner="SeleniumLibrary">
<msg time="2024-09-24T11:10:23.939876" level="INFO">Typing text 'Test Additional Requirements' into text field 'id:tinymce'.</msg>
<arg>${additional_requirements_body}</arg>
<arg>${arg_additional_requirements}</arg>
<doc>Types the given ``text`` into the text field identified by ``locator``.</doc>
<status status="PASS" start="2024-09-24T11:10:23.939140" elapsed="0.235969"/>
</kw>
<kw name="Unselect Frame" owner="SeleniumLibrary">
<doc>Sets the main frame as the current frame.</doc>
<status status="PASS" start="2024-09-24T11:10:24.175927" elapsed="0.004095"/>
</kw>
<arg>Test Additional Requirements</arg>
<status status="PASS" start="2024-09-24T11:10:23.828183" elapsed="0.352295"/>
</kw>
<kw name="Gender" owner="Job_Advertisement_Keywords">
<kw name="Click Element" owner="SeleniumLibrary">
<msg time="2024-09-24T11:10:24.183497" level="INFO">Clicking element 'id:Male'.</msg>
<arg>${gender_radio}</arg>
<doc>Click the element identified by ``locator``.</doc>
<status status="PASS" start="2024-09-24T11:10:24.182727" elapsed="0.153460"/>
</kw>
<status status="PASS" start="2024-09-24T11:10:24.181682" elapsed="0.155004"/>
</kw>
<kw name="Minimum age" owner="Job_Advertisement_Keywords">
<kw name="Input Text" owner="SeleniumLibrary">
<msg time="2024-09-24T11:10:24.338607" level="INFO">Typing text '25' into text field 'id:min_age'.</msg>
<arg>${min_age}</arg>
<arg>${arg_min_age}</arg>
<doc>Types the given ``text`` into the text field identified by ``locator``.</doc>
<status status="PASS" start="2024-09-24T11:10:24.338123" elapsed="0.154775"/>
</kw>
<arg>25</arg>
<status status="PASS" start="2024-09-24T11:10:24.337389" elapsed="0.157258"/>
</kw>
<kw name="Maximum age" owner="Job_Advertisement_Keywords">
<kw name="Input Text" owner="SeleniumLibrary">
<msg time="2024-09-24T11:10:24.498959" level="INFO">Typing text '35' into text field 'id:max_age'.</msg>
<arg>${max_age}</arg>
<arg>${arg_max_age}</arg>
<doc>Types the given ``text`` into the text field identified by ``locator``.</doc>
<status status="PASS" start="2024-09-24T11:10:24.498148" elapsed="0.227608"/>
</kw>
<arg>35</arg>
<status status="PASS" start="2024-09-24T11:10:24.496854" elapsed="0.229271"/>
</kw>
<kw name="Sleep" owner="BuiltIn">
<msg time="2024-09-24T11:10:27.728212" level="INFO">Slept 3 seconds.</msg>
<arg>3s</arg>
<doc>Pauses the test executed for the given time.</doc>
<status status="PASS" start="2024-09-24T11:10:24.727162" elapsed="3.001256"/>
</kw>
<kw name="Scroll Element Into View" owner="SeleniumLibrary">
<arg>link:Handicap International</arg>
<doc>Scrolls the element identified by ``locator`` into view.</doc>
<status status="PASS" start="2024-09-24T11:10:27.729023" elapsed="0.313532"/>
</kw>
<kw name="Save_Candidate" owner="Job_Advertisement_Keywords">
<kw name="Click Button" owner="SeleniumLibrary">
<msg time="2024-09-24T11:10:28.045076" level="INFO">Clicking button 'xpath:(//button[@name='save_and_update'][normalize-space()='Save and Continue'])[3]'.</msg>
<arg>${save_continue_candidate}</arg>
<doc>Clicks the button identified by ``locator``.</doc>
<status status="PASS" start="2024-09-24T11:10:28.044581" elapsed="1.929927"/>
</kw>
<status status="PASS" start="2024-09-24T11:10:28.043481" elapsed="1.931551"/>
</kw>
<status status="PASS" start="2024-09-24T11:10:21.014791" elapsed="8.961045"/>
</test>
<test id="s1-t10" name="Preview" line="187">
<kw name="Preview" owner="Job_Advertisement_Keywords">
<kw name="Click Element" owner="SeleniumLibrary">
<msg time="2024-09-24T11:10:29.984042" level="INFO">Clicking element 'link:Preview'.</msg>
<arg>${tab_preview}</arg>
<doc>Click the element identified by ``locator``.</doc>
<status status="PASS" start="2024-09-24T11:10:29.981161" elapsed="0.236556"/>
</kw>
<status status="PASS" start="2024-09-24T11:10:29.979562" elapsed="0.238435"/>
</kw>
<kw name="Scroll Element Into View" owner="SeleniumLibrary">
<arg>link:Handicap International</arg>
<doc>Scrolls the element identified by ``locator`` into view.</doc>
<status status="PASS" start="2024-09-24T11:10:30.218467" elapsed="0.525285"/>
</kw>
<kw name="Sleep" owner="BuiltIn">
<msg time="2024-09-24T11:10:33.744748" level="INFO">Slept 3 seconds.</msg>
<arg>3s</arg>
<doc>Pauses the test executed for the given time.</doc>
<status status="PASS" start="2024-09-24T11:10:30.744253" elapsed="3.000683"/>
</kw>
<kw name="Save_Preview" owner="Job_Advertisement_Keywords">
<kw name="Click Button" owner="SeleniumLibrary">
<msg time="2024-09-24T11:10:33.747275" level="INFO">Clicking button 'xpath:(//button[contains(@name,'save_and_update')][normalize-space()='Save and Continue'])[5]'.</msg>
<arg>${save_continue_preview}</arg>
<doc>Clicks the button identified by ``locator``.</doc>
<status status="PASS" start="2024-09-24T11:10:33.746503" elapsed="2.658652"/>
</kw>
<status status="PASS" start="2024-09-24T11:10:33.745569" elapsed="2.660056"/>
</kw>
<status status="PASS" start="2024-09-24T11:10:29.977217" elapsed="6.429156"/>
</test>
<test id="s1-t11" name="Criteria" line="193">
<kw name="Click Job" owner="Job_Advertisement_Keywords">
<kw name="Click Element" owner="SeleniumLibrary">
<msg time="2024-09-24T11:10:36.423499" level="INFO">Clicking element 'link:Job'.</msg>
<arg>${job}</arg>
<doc>Click the element identified by ``locator``.</doc>
<status status="PASS" start="2024-09-24T11:10:36.421791" elapsed="0.163631"/>
</kw>
<status status="PASS" start="2024-09-24T11:10:36.418415" elapsed="0.167276"/>
</kw>
<kw name="Click Job Advertisement" owner="Job_Advertisement_Keywords">
<kw name="Click Element" owner="SeleniumLibrary">
<msg time="2024-09-24T11:10:36.607438" level="INFO">Clicking element 'link:Job Advertisement'.</msg>
<arg>${nav_job_adv}</arg>
<doc>Click the element identified by ``locator``.</doc>
<status status="PASS" start="2024-09-24T11:10:36.597534" elapsed="1.269103"/>
</kw>
<status status="PASS" start="2024-09-24T11:10:36.593029" elapsed="1.273882"/>
</kw>
<kw name="Click Criteria" owner="Job_Advertisement_Keywords">
<kw name="Click Element" owner="SeleniumLibrary">
<msg time="2024-09-24T11:10:37.871827" level="INFO">Clicking element 'xpath:(//i[@class='fa fa fa-plus'])[1]'.</msg>
<arg>${job_criteria}</arg>
<doc>Click the element identified by ``locator``.</doc>
<status status="PASS" start="2024-09-24T11:10:37.871014" elapsed="0.932492"/>
</kw>
<status status="PASS" start="2024-09-24T11:10:37.868705" elapsed="0.935168"/>
</kw>
<kw name="Sleep" owner="BuiltIn">
<msg time="2024-09-24T11:10:43.806459" level="INFO">Slept 5 seconds.</msg>
<arg>5s</arg>
<doc>Pauses the test executed for the given time.</doc>
<status status="PASS" start="2024-09-24T11:10:38.804525" elapsed="5.002137"/>
</kw>
<kw name="Criteria 1" owner="Job_Advertisement_Keywords">
<kw name="Input Text" owner="SeleniumLibrary">
<msg time="2024-09-24T11:10:43.808188" level="INFO">Typing text 'Technical Interview full automation' into text field 'xpath:(//textarea[@id='criteria'])[1]'.</msg>
<arg>${txt_criteria_1}</arg>
<arg>${arg_criteria_1}</arg>
<doc>Types the given ``text`` into the text field identified by ``locator``.</doc>
<status status="PASS" start="2024-09-24T11:10:43.807803" elapsed="0.178319"/>
</kw>
<arg>Technical Interview full automation</arg>
<status status="PASS" start="2024-09-24T11:10:43.807267" elapsed="0.179073"/>
</kw>
<kw name="Point 1" owner="Job_Advertisement_Keywords">
<kw name="Input Text" owner="SeleniumLibrary">
<msg time="2024-09-24T11:10:43.987994" level="INFO">Typing text '5' into text field 'xpath:(//input[@name='point[]'])[1]'.</msg>
<arg>${txt_point_1}</arg>
<arg>${arg_point_1}</arg>
<doc>Types the given ``text`` into the text field identified by ``locator``.</doc>
<status status="PASS" start="2024-09-24T11:10:43.987475" elapsed="0.228881"/>
</kw>
<arg>5</arg>
<status status="PASS" start="2024-09-24T11:10:43.986782" elapsed="0.229864"/>
</kw>
<kw name="Status 1" owner="Job_Advertisement_Keywords">
<kw name="Select From List By Label" owner="SeleniumLibrary">
<msg time="2024-09-24T11:10:44.219043" level="INFO">Selecting options from selection list 'xpath:(//select[@name='status[]'])[1]' by label Mandatory.</msg>
<arg>${criteria_status_1}</arg>
<arg>${arg_criteria_status_1}</arg>
<doc>Selects options from selection list ``locator`` by ``labels``.</doc>
<status status="PASS" start="2024-09-24T11:10:44.218354" elapsed="0.145151"/>
</kw>
<arg>Mandatory</arg>
<status status="PASS" start="2024-09-24T11:10:44.217337" elapsed="0.146485"/>
</kw>
<kw name="Sleep" owner="BuiltIn">
<msg time="2024-09-24T11:10:46.366059" level="INFO">Slept 2 seconds.</msg>
<arg>2s</arg>
<doc>Pauses the test executed for the given time.</doc>
<status status="PASS" start="2024-09-24T11:10:44.364497" elapsed="2.001787"/>
</kw>
<kw name="Add Row" owner="Job_Advertisement_Keywords">
<kw name="Click Button" owner="SeleniumLibrary">
<msg time="2024-09-24T11:10:46.368444" level="INFO">Clicking button 'id:add-row-btn'.</msg>
<arg>${btn_add_row}</arg>
<doc>Clicks the button identified by ``locator``.</doc>
<status status="PASS" start="2024-09-24T11:10:46.367835" elapsed="0.089660"/>
</kw>
<status status="PASS" start="2024-09-24T11:10:46.366936" elapsed="0.090921"/>
</kw>
<kw name="Criteria 2" owner="Job_Advertisement_Keywords">
<kw name="Input Text" owner="SeleniumLibrary">
<msg time="2024-09-24T11:10:46.460903" level="INFO">Typing text 'Written Exam full automation' into text field 'xpath:(//textarea[@id='criteria'])[2]'.</msg>
<arg>${txt_criteria_2}</arg>
<arg>${arg_criteria_2}</arg>
<doc>Types the given ``text`` into the text field identified by ``locator``.</doc>
<status status="PASS" start="2024-09-24T11:10:46.460365" elapsed="0.292235"/>
</kw>
<arg>Written Exam full automation</arg>
<status status="PASS" start="2024-09-24T11:10:46.459173" elapsed="0.293856"/>
</kw>
<kw name="Point 2" owner="Job_Advertisement_Keywords">
<kw name="Input Text" owner="SeleniumLibrary">
<msg time="2024-09-24T11:10:46.757824" level="INFO">Typing text '3' into text field 'xpath:(//input[@name='point[]'])[2]'.</msg>
<arg>${txt_point_2}</arg>
<arg>${arg_point_2}</arg>
<doc>Types the given ``text`` into the text field identified by ``locator``.</doc>
<status status="PASS" start="2024-09-24T11:10:46.756279" elapsed="0.240373"/>
</kw>
<arg>3</arg>
<status status="PASS" start="2024-09-24T11:10:46.754970" elapsed="0.242783"/>
</kw>
<kw name="Status 2" owner="Job_Advertisement_Keywords">
<kw name="Select From List By Label" owner="SeleniumLibrary">
<msg time="2024-09-24T11:10:47.000675" level="INFO">Selecting options from selection list 'xpath:(//select[@name='status[]'])[2]' by label Mandatory.</msg>
<arg>${criteria_status_2}</arg>
<arg>${arg_criteria_status_2}</arg>
<doc>Selects options from selection list ``locator`` by ``labels``.</doc>
<status status="PASS" start="2024-09-24T11:10:47.000059" elapsed="0.141855"/>
</kw>
<arg>Mandatory</arg>
<status status="PASS" start="2024-09-24T11:10:46.998797" elapsed="0.143411"/>
</kw>
<kw name="Sleep" owner="BuiltIn">
<msg time="2024-09-24T11:10:49.143295" level="INFO">Slept 2 seconds.</msg>
<arg>2s</arg>
<doc>Pauses the test executed for the given time.</doc>
<status status="PASS" start="2024-09-24T11:10:47.142617" elapsed="2.001074"/>
</kw>
<kw name="Add Row" owner="Job_Advertisement_Keywords">
<kw name="Click Button" owner="SeleniumLibrary">
<msg time="2024-09-24T11:10:49.145200" level="INFO">Clicking button 'id:add-row-btn'.</msg>
<arg>${btn_add_row}</arg>
<doc>Clicks the button identified by ``locator``.</doc>
<status status="PASS" start="2024-09-24T11:10:49.144779" elapsed="0.085887"/>
</kw>
<status status="PASS" start="2024-09-24T11:10:49.144258" elapsed="0.086802"/>
</kw>
<kw name="Criteria 3" owner="Job_Advertisement_Keywords">
<kw name="Input Text" owner="SeleniumLibrary">
<msg time="2024-09-24T11:10:49.234260" level="INFO">Typing text 'HR Interview full automation' into text field 'xpath:(//textarea[@id='criteria'])[3]'.</msg>
<arg>${txt_criteria_3}</arg>
<arg>${arg_criteria_3}</arg>
<doc>Types the given ``text`` into the text field identified by ``locator``.</doc>
<status status="PASS" start="2024-09-24T11:10:49.233332" elapsed="0.264870"/>
</kw>
<arg>HR Interview full automation</arg>
<status status="PASS" start="2024-09-24T11:10:49.231798" elapsed="0.266703"/>
</kw>
<kw name="Point 3" owner="Job_Advertisement_Keywords">
<kw name="Input Text" owner="SeleniumLibrary">
<msg time="2024-09-24T11:10:49.501591" level="INFO">Typing text '2' into text field 'xpath:(//input[@name='point[]'])[3]'.</msg>
<arg>${txt_point_3}</arg>
<arg>${arg_point_3}</arg>
<doc>Types the given ``text`` into the text field identified by ``locator``.</doc>
<status status="PASS" start="2024-09-24T11:10:49.500574" elapsed="0.226859"/>
</kw>
<arg>2</arg>
<status status="PASS" start="2024-09-24T11:10:49.499061" elapsed="0.228831"/>
</kw>
<kw name="Status 3" owner="Job_Advertisement_Keywords">
<kw name="Select From List By Label" owner="SeleniumLibrary">
<msg time="2024-09-24T11:10:49.731485" level="INFO">Selecting options from selection list 'xpath:(//select[@name='status[]'])[3]' by label Optional.</msg>
<arg>${criteria_status_3}</arg>
<arg>${arg_criteria_status_3}</arg>
<doc>Selects options from selection list ``locator`` by ``labels``.</doc>
<status status="PASS" start="2024-09-24T11:10:49.730390" elapsed="0.209421"/>
</kw>
<arg>Optional</arg>
<status status="PASS" start="2024-09-24T11:10:49.728843" elapsed="0.211234"/>
</kw>
<kw name="Save_Criteria" owner="Job_Advertisement_Keywords">
<kw name="Click Button" owner="SeleniumLibrary">
<msg time="2024-09-24T11:10:49.943782" level="INFO">Clicking button 'name:save'.</msg>
<arg>${btn_save}</arg>
<doc>Clicks the button identified by ``locator``.</doc>
<status status="PASS" start="2024-09-24T11:10:49.942484" elapsed="1.588286"/>
</kw>
<status status="PASS" start="2024-09-24T11:10:49.941311" elapsed="1.590103"/>
</kw>
<kw name="Sleep" owner="BuiltIn">
<msg time="2024-09-24T11:10:54.536939" level="INFO">Slept 3 seconds.</msg>
<arg>3s</arg>
<doc>Pauses the test executed for the given time.</doc>
<status status="PASS" start="2024-09-24T11:10:51.534042" elapsed="3.003314"/>
</kw>
<kw name="Submission Check" owner="Recruitment_Request_Keywords">
<kw name="Page Should Contain" owner="SeleniumLibrary">
<msg time="2024-09-24T11:10:54.568408" level="INFO">Current page contains text 'Job Advertisement List'.</msg>
<arg>${arg_submission_check}</arg>
<doc>Verifies that current page contains ``text``.</doc>
<status status="PASS" start="2024-09-24T11:10:54.539012" elapsed="0.029576"/>
</kw>
<arg>Job Advertisement List</arg>
<status status="PASS" start="2024-09-24T11:10:54.538086" elapsed="0.030992"/>
</kw>
<status status="PASS" start="2024-09-24T11:10:36.414595" elapsed="18.154999"/>
</test>
<test id="s1-t12" name="Job Restriction" line="215">
<kw name="Click Job Restriction" owner="Job_Advertisement_Keywords">
<kw name="Click Element" owner="SeleniumLibrary">
<msg time="2024-09-24T11:10:54.572150" level="INFO">Clicking element 'link:Job Restriction'.</msg>
<arg>${nav_job_restriction}</arg>
<doc>Click the element identified by ``locator``.</doc>
<status status="PASS" start="2024-09-24T11:10:54.571610" elapsed="1.046578"/>
</kw>
<status status="PASS" start="2024-09-24T11:10:54.570939" elapsed="1.048846"/>
</kw>
<kw name="Click Add New" owner="Job_Advertisement_Keywords">
<kw name="Click Element" owner="SeleniumLibrary">
<msg time="2024-09-24T11:10:55.630921" level="INFO">Clicking element 'link:Add New'.</msg>
<arg>${add_new}</arg>
<doc>Click the element identified by ``locator``.</doc>
<status status="PASS" start="2024-09-24T11:10:55.627401" elapsed="2.340202"/>
</kw>
<status status="PASS" start="2024-09-24T11:10:55.621417" elapsed="2.346702"/>
</kw>
<kw name="Job Request Id - Restriction" owner="Job_Advertisement_Keywords">
<kw name="Select From List By Label" owner="SeleniumLibrary">
<msg time="2024-09-24T11:10:57.973532" level="INFO">Selecting options from selection list 'id:recruitment_id' by label 1150.</msg>
<arg>${job_request_id_restriction}</arg>
<arg>${arg_job_request_id_restriction}</arg>
<doc>Selects options from selection list ``locator`` by ``labels``.</doc>
<status status="PASS" start="2024-09-24T11:10:57.971262" elapsed="0.264345"/>
</kw>
<arg>1150</arg>
<status status="PASS" start="2024-09-24T11:10:57.969726" elapsed="0.266575"/>
</kw>
<kw name="Question 1" owner="Job_Advertisement_Keywords">
<kw name="Input Text" owner="SeleniumLibrary">
<msg time="2024-09-24T11:10:58.239729" level="INFO">Typing text 'Test Question 1' into text field 'id:question1'.</msg>
<arg>${question1}</arg>
<arg>${arg_question1}</arg>
<doc>Types the given ``text`` into the text field identified by ``locator``.</doc>
<status status="PASS" start="2024-09-24T11:10:58.238812" elapsed="0.289369"/>
</kw>
<arg>Test Question 1</arg>
<status status="PASS" start="2024-09-24T11:10:58.237059" elapsed="0.291536"/>
</kw>
<kw name="Question 2" owner="Job_Advertisement_Keywords">
<kw name="Input Text" owner="SeleniumLibrary">
<msg time="2024-09-24T11:10:58.531871" level="INFO">Typing text 'Test Question 2' into text field 'id:question2'.</msg>
<arg>${question2}</arg>
<arg>${arg_question2}</arg>
<doc>Types the given ``text`` into the text field identified by ``locator``.</doc>
<status status="PASS" start="2024-09-24T11:10:58.530990" elapsed="0.252865"/>
</kw>
<arg>Test Question 2</arg>
<status status="PASS" start="2024-09-24T11:10:58.529521" elapsed="0.254793"/>
</kw>
<kw name="Question 3" owner="Job_Advertisement_Keywords">
<kw name="Input Text" owner="SeleniumLibrary">
<msg time="2024-09-24T11:10:58.787930" level="INFO">Typing text 'Test Question 3' into text field 'id:question3'.</msg>
<arg>${question3}</arg>
<arg>${arg_question3}</arg>
<doc>Types the given ``text`` into the text field identified by ``locator``.</doc>
<status status="PASS" start="2024-09-24T11:10:58.786230" elapsed="0.228604"/>
</kw>
<arg>Test Question 3</arg>
<status status="PASS" start="2024-09-24T11:10:58.785017" elapsed="0.231264"/>
</kw>
<kw name="Question 4" owner="Job_Advertisement_Keywords">
<kw name="Input Text" owner="SeleniumLibrary">
<msg time="2024-09-24T11:10:59.020952" level="INFO">Typing text 'Test Question 4' into text field 'id:question4'.</msg>
<arg>${question4}</arg>
<arg>${arg_question4}</arg>
<doc>Types the given ``text`` into the text field identified by ``locator``.</doc>
<status status="PASS" start="2024-09-24T11:10:59.020259" elapsed="0.225238"/>
</kw>
<arg>Test Question 4</arg>
<status status="PASS" start="2024-09-24T11:10:59.018642" elapsed="0.227114"/>
</kw>
<kw name="Question 5" owner="Job_Advertisement_Keywords">
<kw name="Input Text" owner="SeleniumLibrary">
<msg time="2024-09-24T11:10:59.249110" level="INFO">Typing text 'Test Question 5' into text field 'id:question5'.</msg>
<arg>${question5}</arg>
<arg>${arg_question5}</arg>
<doc>Types the given ``text`` into the text field identified by ``locator``.</doc>
<status status="PASS" start="2024-09-24T11:10:59.248321" elapsed="0.265588"/>
</kw>
<arg>Test Question 5</arg>
<status status="PASS" start="2024-09-24T11:10:59.246910" elapsed="0.267592"/>
</kw>
<kw name="Question 6" owner="Job_Advertisement_Keywords">
<kw name="Input Text" owner="SeleniumLibrary">
<msg time="2024-09-24T11:10:59.519651" level="INFO">Typing text 'Test Question 6' into text field 'id:question6'.</msg>
<arg>${question6}</arg>
<arg>${arg_question6}</arg>
<doc>Types the given ``text`` into the text field identified by ``locator``.</doc>
<status status="PASS" start="2024-09-24T11:10:59.517901" elapsed="0.240017"/>
</kw>
<arg>Test Question 6</arg>
<status status="PASS" start="2024-09-24T11:10:59.516245" elapsed="0.242039"/>
</kw>
<kw name="Question 7" owner="Job_Advertisement_Keywords">
<kw name="Input Text" owner="SeleniumLibrary">
<msg time="2024-09-24T11:10:59.765559" level="INFO">Typing text 'Test Question 7' into text field 'id:question7'.</msg>
<arg>${question7}</arg>
<arg>${arg_question7}</arg>
<doc>Types the given ``text`` into the text field identified by ``locator``.</doc>
<status status="PASS" start="2024-09-24T11:10:59.764364" elapsed="0.375390"/>
</kw>
<arg>Test Question 7</arg>
<status status="PASS" start="2024-09-24T11:10:59.763290" elapsed="0.376797"/>
</kw>
<kw name="Question 8" owner="Job_Advertisement_Keywords">
<kw name="Input Text" owner="SeleniumLibrary">
<msg time="2024-09-24T11:11:00.146597" level="INFO">Typing text 'Test Question 8' into text field 'id:question8'.</msg>
<arg>${question8}</arg>
<arg>${arg_question8}</arg>
<doc>Types the given ``text`` into the text field identified by ``locator``.</doc>
<status status="PASS" start="2024-09-24T11:11:00.145537" elapsed="0.382045"/>
</kw>
<arg>Test Question 8</arg>
<status status="PASS" start="2024-09-24T11:11:00.140931" elapsed="0.387062"/>
</kw>
<kw name="Question 9" owner="Job_Advertisement_Keywords">
<kw name="Input Text" owner="SeleniumLibrary">
<msg time="2024-09-24T11:11:00.537810" level="INFO">Typing text 'Test Question 9' into text field 'id:question9'.</msg>
<arg>${question9}</arg>
<arg>${arg_question9}</arg>
<doc>Types the given ``text`` into the text field identified by ``locator``.</doc>
<status status="PASS" start="2024-09-24T11:11:00.536940" elapsed="0.403320"/>
</kw>
<arg>Test Question 9</arg>
<status status="PASS" start="2024-09-24T11:11:00.531546" elapsed="0.409003"/>
</kw>
<kw name="Question 10" owner="Job_Advertisement_Keywords">
<kw name="Input Text" owner="SeleniumLibrary">
<msg time="2024-09-24T11:11:00.942910" level="INFO">Typing text 'Test Question 10' into text field 'id:question10'.</msg>
<arg>${question10}</arg>
<arg>${arg_question10}</arg>
<doc>Types the given ``text`` into the text field identified by ``locator``.</doc>
<status status="PASS" start="2024-09-24T11:11:00.941763" elapsed="0.201315"/>
</kw>
<arg>Test Question 10</arg>
<status status="PASS" start="2024-09-24T11:11:00.941130" elapsed="0.202416"/>
</kw>
<kw name="Sleep" owner="BuiltIn">
<msg time="2024-09-24T11:11:04.145889" level="INFO">Slept 3 seconds.</msg>
<arg>3s</arg>
<doc>Pauses the test executed for the given time.</doc>
<status status="PASS" start="2024-09-24T11:11:01.144849" elapsed="3.001469"/>
</kw>
<kw name="Save_Continue_Restriction" owner="Job_Advertisement_Keywords">
<kw name="Click Button" owner="SeleniumLibrary">
<msg time="2024-09-24T11:11:04.148703" level="INFO">Clicking button 'xpath:(//button[normalize-space()='Save and Continue'])[1]'.</msg>
<arg>${Save_continue_restriction}</arg>
<doc>Clicks the button identified by ``locator``.</doc>
<status status="PASS" start="2024-09-24T11:11:04.148237" elapsed="1.444293"/>
</kw>
<status status="PASS" start="2024-09-24T11:11:04.147415" elapsed="1.445536"/>
</kw>
<kw name="Sleep" owner="BuiltIn">
<msg time="2024-09-24T11:11:08.600056" level="INFO">Slept 3 seconds.</msg>
<arg>3s</arg>
<doc>Pauses the test executed for the given time.</doc>
<status status="PASS" start="2024-09-24T11:11:05.599020" elapsed="3.001256"/>
</kw>
<kw name="Submission Check" owner="Recruitment_Request_Keywords">
<kw name="Page Should Contain" owner="SeleniumLibrary">
<msg time="2024-09-24T11:11:08.626343" level="INFO">Current page contains text 'Job Restriction Question List'.</msg>
<arg>${arg_submission_check}</arg>
<doc>Verifies that current page contains ``text``.</doc>
<status status="PASS" start="2024-09-24T11:11:08.601507" elapsed="0.024982"/>
</kw>
<arg>Job Restriction Question List</arg>
<status status="PASS" start="2024-09-24T11:11:08.600796" elapsed="0.025850"/>
</kw>
<status status="PASS" start="2024-09-24T11:10:54.570209" elapsed="14.056727"/>
</test>
<test id="s1-t13" name="Job Publish" line="235">
<kw name="Click Job Advertisement" owner="Job_Advertisement_Keywords">
<kw name="Click Element" owner="SeleniumLibrary">
<msg time="2024-09-24T11:11:08.628843" level="INFO">Clicking element 'link:Job Advertisement'.</msg>
<arg>${nav_job_adv}</arg>
<doc>Click the element identified by ``locator``.</doc>
<status status="PASS" start="2024-09-24T11:11:08.628523" elapsed="4.040508"/>
</kw>
<status status="PASS" start="2024-09-24T11:11:08.628054" elapsed="4.041457"/>
</kw>
<kw name="Click Job Publish" owner="Job_Advertisement_Keywords">
<kw name="Click Element" owner="SeleniumLibrary">
<msg time="2024-09-24T11:11:12.677106" level="INFO">Clicking element 'xpath:(//a[@class='btn btn-warning btn-sm1 status'])[1]'.</msg>
<arg>${job_publish}</arg>
<doc>Click the element identified by ``locator``.</doc>
<status status="PASS" start="2024-09-24T11:11:12.675431" elapsed="0.181403"/>
</kw>
<status status="PASS" start="2024-09-24T11:11:12.671656" elapsed="0.186620"/>
</kw>
<status status="PASS" start="2024-09-24T11:11:08.627322" elapsed="4.231902"/>
</test>
<status status="PASS" start="2024-09-24T11:08:29.869987" elapsed="162.993803"/>
</suite>
<statistics>
<total>
<stat pass="13" fail="0" skip="0">All Tests</stat>
</total>
<tag>
</tag>
<suite>
<stat pass="13" fail="0" skip="0" id="s1" name="Job Publish">Job Publish</stat>
</suite>
</statistics>
<errors>
</errors>
</robot>
