<?xml version="1.0" encoding="UTF-8"?>
<robot generator="Robot 7.0.1 (Python 3.9.0 on win32)" generated="2024-09-04T09:12:12.495862" rpa="false" schemaversion="5">
<suite id="s1" name="TC1" source="C:\Users\abu.arefin\Desktop\git\RobotFrameWorkAutomation\mobileAutomationRobotFramework-main\Automation\TestCases\TC1.robot">
<test id="s1-t1" name="LoginTest" line="11">
<kw name="loginToRMPApplication">
<kw name="Open Browser" owner="SeleniumLibrary">
<msg time="2024-09-04T09:12:12.888126" level="INFO">Opening browser 'chrome' to base url 'https://testpmt.azurewebsites.net/'.</msg>
<arg>${rmpurl}</arg>
<arg>${browser}</arg>
<doc>Opens a new browser instance to the optional ``url``.</doc>
<status status="PASS" start="2024-09-04T09:12:12.888126" elapsed="11.518171"/>
</kw>
<kw name="Maximize Browser Window" owner="SeleniumLibrary">
<doc>Maximizes current browser window.</doc>
<status status="PASS" start="2024-09-04T09:12:24.406297" elapsed="0.039758"/>
</kw>
<kw name="Click Element" owner="SeleniumLibrary">
<msg time="2024-09-04T09:12:24.447061" level="INFO">Clicking element 'xpath://*[@id="LoginDiv"]/div/div/a'.</msg>
<arg>xpath://*[@id="LoginDiv"]/div/div/a</arg>
<doc>Click the element identified by ``locator``.</doc>
<status status="PASS" start="2024-09-04T09:12:24.446055" elapsed="1.322995"/>
</kw>
<kw name="Input Text" owner="SeleniumLibrary">
<msg time="2024-09-04T09:12:25.770048" level="INFO">Typing text 'centeruser@gmail.com' into text field 'id:Email'.</msg>
<arg>id:Email</arg>
<arg>${username}</arg>
<doc>Types the given ``text`` into the text field identified by ``locator``.</doc>
<status status="PASS" start="2024-09-04T09:12:25.769050" elapsed="0.194103"/>
</kw>
<kw name="Input Text" owner="SeleniumLibrary">
<msg time="2024-09-04T09:12:25.963153" level="INFO">Typing text '12345' into text field 'id:Password'.</msg>
<arg>id:Password</arg>
<arg>${password}</arg>
<doc>Types the given ``text`` into the text field identified by ``locator``.</doc>
<status status="PASS" start="2024-09-04T09:12:25.963153" elapsed="0.110311"/>
</kw>
<kw name="Click Element" owner="SeleniumLibrary">
<msg time="2024-09-04T09:12:26.073725" level="INFO">Clicking element 'xpath:/html/body/div/div[2]/div/form/div[3]/button'.</msg>
<arg>xpath:/html/body/div/div[2]/div/form/div[3]/button</arg>
<doc>Click the element identified by ``locator``.</doc>
<status status="PASS" start="2024-09-04T09:12:26.073725" elapsed="7.276993"/>
</kw>
<kw name="Sleep" owner="BuiltIn">
<msg time="2024-09-04T09:12:36.361162" level="INFO">Slept 3 seconds.</msg>
<arg>3</arg>
<doc>Pauses the test executed for the given time.</doc>
<status status="PASS" start="2024-09-04T09:12:33.350718" elapsed="3.010444"/>
</kw>
<status status="PASS" start="2024-09-04T09:12:12.888126" elapsed="23.473036"/>
</kw>
<kw name="Close Browser" owner="SeleniumLibrary">
<doc>Closes the current browser.</doc>
<status status="PASS" start="2024-09-04T09:12:36.361162" elapsed="2.424863"/>
</kw>
<status status="PASS" start="2024-09-04T09:12:12.888126" elapsed="25.897899"/>
</test>
<status status="PASS" start="2024-09-04T09:12:12.495862" elapsed="26.290163"/>
</suite>
<statistics>
<total>
<stat pass="1" fail="0" skip="0">All Tests</stat>
</total>
<tag>
</tag>
<suite>
<stat pass="1" fail="0" skip="0" id="s1" name="TC1">TC1</stat>
</suite>
</statistics>
<errors>
</errors>
</robot>
